==== Experiment Config ====
model:
  attn_depth: 1
  attn_dropout: 0.25
  big_residual: true
  big_residual_learnable: true
  branch_1_kernels:
  - 11
  - 15
  branch_2_kernels:
  - 3
  - 7
  cls_dropout: 0.25
  conv_dropout: 0.25
  conv_expansion: 4
  eeg1_D: 2
  eeg1_dropout_rate: 0.25
  eeg1_f1: 16
  eeg1_kernel_size: 64
  eeg1_pooling_size1: 4
  eeg1_pooling_size2: 8
  emb_size: 40
  heads: 4
  inter_ffn_expansion: 2
  intra_ffn_expansion: 2
  name: DSAINet_SNN
train:
  batch_size: 32
  epochs: 100
  lr: 0.001
  norm: Z_Score
  optimizer: adam
  seed: 0
  weight_decay: 0.0001
==========================
========== Start LOSO Training ==========
====== Subject 1/9 as Test ======
Model Parameters: 84805
Train size = 3680, Valid size = 928, Test size = 576
Sub 1 | Early Stopping: Best Epoch 1/100
Sub 1 | All Epoch: Best Epoch 1/100
Sub 1 | Epoch 1/100 | train Loss: 1.4040 | train Accuracy: 0.2410 | valid Loss: 1.4099 | valid Accuracy: 0.2500 | test Accuracy: 0.2500 | patient: 0
Sub 1 | Early Stopping: Best Epoch 2/100
Sub 1 | All Epoch: Best Epoch 2/100
Sub 1 | Epoch 2/100 | train Loss: 1.3929 | train Accuracy: 0.2554 | valid Loss: 1.3913 | valid Accuracy: 0.2575 | test Accuracy: 0.2500 | patient: 0
Sub 1 | Epoch 3/100 | train Loss: 1.3948 | train Accuracy: 0.2431 | valid Loss: 1.3918 | valid Accuracy: 0.2349 | test Accuracy: 0.2309 | patient: 1
Sub 1 | Epoch 4/100 | train Loss: 1.3899 | train Accuracy: 0.2569 | valid Loss: 1.3882 | valid Accuracy: 0.2489 | test Accuracy: 0.2431 | patient: 2
Sub 1 | Early Stopping: Best Epoch 5/100
Sub 1 | All Epoch: Best Epoch 5/100
Sub 1 | Epoch 5/100 | train Loss: 1.3893 | train Accuracy: 0.2549 | valid Loss: 1.3894 | valid Accuracy: 0.2780 | test Accuracy: 0.2535 | patient: 0
Sub 1 | All Epoch: Best Epoch 6/100
Sub 1 | Epoch 6/100 | train Loss: 1.3883 | train Accuracy: 0.2618 | valid Loss: 1.3930 | valid Accuracy: 0.2737 | test Accuracy: 0.2552 | patient: 1
Sub 1 | All Epoch: Best Epoch 7/100
Sub 1 | Epoch 7/100 | train Loss: 1.3843 | train Accuracy: 0.2625 | valid Loss: 1.4412 | valid Accuracy: 0.2694 | test Accuracy: 0.2587 | patient: 2
Sub 1 | Epoch 8/100 | train Loss: 1.3880 | train Accuracy: 0.2548 | valid Loss: 1.4161 | valid Accuracy: 0.2511 | test Accuracy: 0.2396 | patient: 3
Sub 1 | All Epoch: Best Epoch 9/100
Sub 1 | Epoch 9/100 | train Loss: 1.3865 | train Accuracy: 0.2592 | valid Loss: 1.4080 | valid Accuracy: 0.2694 | test Accuracy: 0.2639 | patient: 4
